Arguments: 
  /Users/chris/.nvm/versions/node/v12.16.2/bin/node /Users/chris/.yarn/bin/yarn.js publish

PATH: 
  /Users/chris/.nvm/versions/node/v12.16.2/bin:/Users/chris/Library/Android/sdk/emulator:/tools:/usr/local/bin:/usr/bin:/bin:/usr/sbin:/sbin:/usr/local/share/dotnet:~/.dotnet/tools:/Users/chris/.yarn/bin:/Users/chris/.config/yarn/global/node_modules/.bin:/usr/local/opt/ruby@2.5/bin:/Users/chris/Library/Android/sdk/tools:/Users/chris/Library/Android/sdk/platform-tools:/Applications/Android Studio.app/Contents/gradle/gradle-4.10.1/bin:/Users/chris/Library/Android/sdk/tools:/Users/chris/Library/Android/sdk/build-tools/28.0.2:/Users/chris/Library/Android/sdk/tools:/Users/chris/Library/Android/sdk/build-tools/28.0.3

Yarn version: 
  1.22.4

Node version: 
  12.16.2

Platform: 
  darwin x64

Trace: 
  Error: canceled
      at Interface.<anonymous> (/Users/chris/.yarn/lib/cli.js:137008:13)
      at Interface.emit (events.js:310:20)
      at Interface._ttyWrite (readline.js:893:16)
      at ReadStream.onkeypress (readline.js:198:10)
      at ReadStream.emit (events.js:310:20)
      at emitKeys (internal/readline/utils.js:438:14)
      at emitKeys.next (<anonymous>)
      at ReadStream.onData (readline.js:1160:36)
      at ReadStream.emit (events.js:310:20)
      at addChunk (_stream_readable.js:286:12)

npm manifest: 
  {
    "name": "docker-node12-android-cordova-yarn",
    "description": "Docker Node 12, Android, Cordova, yarn, nvm, vue-cli. Base image for Cordova projects with Android",
    "version": "1.1.2",
    "scripts": {
      "build": "docker image build -t chriswijnia/dev .",
      "start": "docker run -it --entrypoint bash chriswijnia/dev",
      "deploy": "docker push chriswijnia/dev"
    },
    "main": "index.js",
    "repository": "https://github.com/ChrisTheButcher/docker-node12-android-cordova-yarn.git",
    "author": "Chris Wijnia <ccwijnia@gmail.com>",
    "license": "MIT"
  }

yarn manifest: 
  No manifest

Lockfile: 
  # THIS IS AN AUTOGENERATED FILE. DO NOT EDIT THIS FILE DIRECTLY.
  # yarn lockfile v1
